<?xml version="1.0" encoding="UTF-8"?>
<testsuite name="chap02.TestString" tests="2" skipped="0" failures="0" errors="0" timestamp="2022-11-03T06:39:16" hostname="giljun-ui-MacBookAir.local" time="0.078">
  <properties/>
  <testcase name="subString()" classname="chap02.TestString" time="0.071"/>
  <testcase name="더하기" classname="chap02.TestString" time="0.005"/>
  <system-out><![CDATA[]]></system-out>
  <system-err><![CDATA[]]></system-err>
</testsuite>
